app/build/intermediates/manifest_merge_blame_file/release/manifest-merger-blame-release-report.txt
1<?xml version="1.0" encoding="utf-8"?>
2<manifest xmlns:android="http://schemas.android.com/apk/res/android"
3    package="com.example.mycheckins"
4    android:versionCode="1"
5    android:versionName="1.0" >
6
7    <uses-sdk
8        android:minSdkVersion="16"
8-->src\main\AndroidManifest.xml
9        android:targetSdkVersion="29" />
9-->src\main\AndroidManifest.xml
10
11    <uses-permission android:name="com.javapapers.android.mymap.permission.MAPS_RECEIVE" />
11-->src\main\AndroidManifest.xml:5:5-92
11-->src\main\AndroidManifest.xml:5:22-89
12    <uses-permission android:name="android.permission.INTERNET" />
12-->src\main\AndroidManifest.xml:6:5-67
12-->src\main\AndroidManifest.xml:6:22-64
13    <uses-permission android:name="android.permission.ACCESS_NETWORK_STATE" />
13-->src\main\AndroidManifest.xml:7:5-79
13-->src\main\AndroidManifest.xml:7:22-76
14    <uses-permission android:name="android.permission.WRITE_EXTERNAL_STORAGE" />
14-->src\main\AndroidManifest.xml:8:5-81
14-->src\main\AndroidManifest.xml:8:22-78
15    <uses-permission android:name="com.google.android.providers.gsf.permission.READ_GSERVICES" />
15-->src\main\AndroidManifest.xml:9:5-98
15-->src\main\AndroidManifest.xml:9:22-95
16    <uses-permission android:name="android.permission.ACCESS_COARSE_LOCATION" />
16-->src\main\AndroidManifest.xml:10:5-81
16-->src\main\AndroidManifest.xml:10:22-78
17    <uses-permission android:name="android.permission.ACCESS_FINE_LOCATION" />
17-->src\main\AndroidManifest.xml:11:5-79
17-->src\main\AndroidManifest.xml:11:22-76
18
19    <uses-feature
19-->[com.google.android.gms:play-services-maps:17.0.0] AndroidManifest.xml:26:5-28:35
20        android:glEsVersion="0x00020000"
20-->[com.google.android.gms:play-services-maps:17.0.0] AndroidManifest.xml:27:9-41
21        android:required="true" />
21-->[com.google.android.gms:play-services-maps:17.0.0] AndroidManifest.xml:28:9-32
22
23    <application
23-->src\main\AndroidManifest.xml:13:5-29:19
24        android:allowBackup="true"
24-->src\main\AndroidManifest.xml:14:9-35
25        android:appComponentFactory="androidx.core.app.CoreComponentFactory"
25-->[androidx.core:core:1.1.0] AndroidManifest.xml:24:18-86
26        android:icon="@mipmap/ic_launcher"
26-->src\main\AndroidManifest.xml:15:9-43
27        android:label="@string/app_name"
27-->src\main\AndroidManifest.xml:16:9-41
28        android:roundIcon="@mipmap/ic_launcher_round"
28-->src\main\AndroidManifest.xml:17:9-54
29        android:supportsRtl="true"
29-->src\main\AndroidManifest.xml:18:9-35
30        android:theme="@style/AppTheme" >
30-->src\main\AndroidManifest.xml:19:9-40
31        <activity android:name="com.example.mycheckins.MapActivity" />
31-->src\main\AndroidManifest.xml:20:9-58
31-->src\main\AndroidManifest.xml:20:19-46
32        <activity android:name="com.example.mycheckins.RegDetailActivity" />
32-->src\main\AndroidManifest.xml:21:9-55
32-->src\main\AndroidManifest.xml:21:19-52
33        <activity android:name="com.example.mycheckins.MainActivity" >
33-->src\main\AndroidManifest.xml:22:9-28:20
33-->src\main\AndroidManifest.xml:22:19-47
34            <intent-filter>
34-->src\main\AndroidManifest.xml:23:13-27:29
35                <action android:name="android.intent.action.MAIN" />
35-->src\main\AndroidManifest.xml:24:17-69
35-->src\main\AndroidManifest.xml:24:25-66
36
37                <category android:name="android.intent.category.LAUNCHER" />
37-->src\main\AndroidManifest.xml:26:17-77
37-->src\main\AndroidManifest.xml:26:27-74
38            </intent-filter>
39        </activity>
40        <activity
40-->[com.google.android.gms:play-services-auth:17.0.0] AndroidManifest.xml:23:9-27:75
41            android:name="com.google.android.gms.auth.api.signin.internal.SignInHubActivity"
41-->[com.google.android.gms:play-services-auth:17.0.0] AndroidManifest.xml:24:13-93
42            android:excludeFromRecents="true"
42-->[com.google.android.gms:play-services-auth:17.0.0] AndroidManifest.xml:25:13-46
43            android:exported="false"
43-->[com.google.android.gms:play-services-auth:17.0.0] AndroidManifest.xml:26:13-37
44            android:theme="@android:style/Theme.Translucent.NoTitleBar" />
44-->[com.google.android.gms:play-services-auth:17.0.0] AndroidManifest.xml:27:13-72
45        <!--
46            Service handling Google Sign-In user revocation. For apps that do not integrate with
47            Google Sign-In, this service will never be started.
48        -->
49        <service
49-->[com.google.android.gms:play-services-auth:17.0.0] AndroidManifest.xml:33:9-36:110
50            android:name="com.google.android.gms.auth.api.signin.RevocationBoundService"
50-->[com.google.android.gms:play-services-auth:17.0.0] AndroidManifest.xml:34:13-89
51            android:exported="true"
51-->[com.google.android.gms:play-services-auth:17.0.0] AndroidManifest.xml:35:13-36
52            android:permission="com.google.android.gms.auth.api.signin.permission.REVOCATION_NOTIFICATION" /> <!-- Needs to be explicitly declared on P+ -->
52-->[com.google.android.gms:play-services-auth:17.0.0] AndroidManifest.xml:36:13-107
53        <uses-library
53-->[com.google.android.gms:play-services-maps:17.0.0] AndroidManifest.xml:33:9-35:40
54            android:name="org.apache.http.legacy"
54-->[com.google.android.gms:play-services-maps:17.0.0] AndroidManifest.xml:34:13-50
55            android:required="false" />
55-->[com.google.android.gms:play-services-maps:17.0.0] AndroidManifest.xml:35:13-37
56
57        <activity
57-->[com.google.android.gms:play-services-base:17.1.0] AndroidManifest.xml:23:9-26:75
58            android:name="com.google.android.gms.common.api.GoogleApiActivity"
58-->[com.google.android.gms:play-services-base:17.1.0] AndroidManifest.xml:24:13-79
59            android:exported="false"
59-->[com.google.android.gms:play-services-base:17.1.0] AndroidManifest.xml:25:13-37
60            android:theme="@android:style/Theme.Translucent.NoTitleBar" />
60-->[com.google.android.gms:play-services-base:17.1.0] AndroidManifest.xml:26:13-72
61
62        <meta-data
62-->[com.google.android.gms:play-services-basement:17.0.0] AndroidManifest.xml:23:9-25:69
63            android:name="com.google.android.gms.version"
63-->[com.google.android.gms:play-services-basement:17.0.0] AndroidManifest.xml:24:13-58
64            android:value="@integer/google_play_services_version" />
64-->[com.google.android.gms:play-services-basement:17.0.0] AndroidManifest.xml:25:13-66
65    </application>
66
67</manifest>